<?xml version="1.0" encoding="UTF-8"?>
<Site BuildName="(empty)"
	BuildStamp="20250422-1857-Experimental"
	Name="(empty)"
	Generator="ctest-4.0.1"
	CompilerName=""
	CompilerVersion=""
	OSName="Windows"
	Hostname="LAPTOP-30IBEATI"
	OSRelease=" Personal"
	OSVersion=" (Build 26100)"
	OSPlatform="AMD64"
	Is64Bits="1"
	VendorString="GenuineIntel"
	VendorID="Intel Corporation"
	FamilyID="6"
	ModelID="12"
	ModelName=""
	ProcessorCacheSize="-1"
	NumberOfLogicalCPU="8"
	NumberOfPhysicalCPU="4"
	TotalVirtualMemory="22721"
	TotalPhysicalMemory="7873"
	LogicalProcessorsPerPhysical="2"
	ProcessorClockFrequency="2803"
	>
	<Testing>
		<StartDateTime>Apr 29 20:25 Central Daylight Time</StartDateTime>
		<StartTestTime>1745976313</StartTestTime>
		<TestList/>
		<EndDateTime>Apr 29 20:25 Central Daylight Time</EndDateTime>
		<EndTestTime>1745976313</EndTestTime>
		<ElapsedMinutes>0</ElapsedMinutes>
	</Testing>
</Site>
