Start testing: Apr 30 19:37 Central Daylight Time
----------------------------------------------------------
1/1 Testing: PongTests
1/1 Test: PongTests
Command: "C:/Users/Zak/Desktop/PongThreading/build/Debug/runTests.exe"
Directory: C:/Users/Zak/Desktop/PongThreading/build
"PongTests" start time: Apr 30 19:37 Central Daylight Time
Output:
----------------------------------------------------------
Running main() from C:\Users\Zak\Desktop\PongThreading\build\_deps\googletest-src\googletest\src\gtest_main.cc
[==========] Running 16 tests from 4 test suites.
[----------] Global test environment set-up.
[----------] 1 test from SampleTest
[ RUN      ] SampleTest.TrueIsTrue
[       OK ] SampleTest.TrueIsTrue (0 ms)
[----------] 1 test from SampleTest (0 ms total)

[----------] 7 tests from BallLogicTest
[ RUN      ] BallLogicTest.ComputeNextPositionBasic
C:\Users\Zak\Desktop\PongThreading\ball_test.cpp(32): error: The difference between logic->getX() and 0.08f is 0.079999998211860657, which exceeds 1e-5, where
logic->getX() evaluates to 0,
0.08f evaluates to 0.079999998211860657, and
1e-5 evaluates to 1.0000000000000001e-05.
[  FAILED  ] BallLogicTest.ComputeNextPositionBasic (0 ms)
[ RUN      ] BallLogicTest.ComputeNextPositionDiagonal
C:\Users\Zak\Desktop\PongThreading\ball_test.cpp(43): error: The difference between logic->getX() and 0.056568f is 0.056568000465631485, which exceeds 1e-4, where
logic->getX() evaluates to 0,
0.056568f evaluates to 0.056568000465631485, and
1e-4 evaluates to 0.0001.
C:\Users\Zak\Desktop\PongThreading\ball_test.cpp(44): error: The difference between logic->getY() and 0.056568f is 0.056568000465631485, which exceeds 1e-4, where
logic->getY() evaluates to 0,
0.056568f evaluates to 0.056568000465631485, and
1e-4 evaluates to 0.0001.
[  FAILED  ] BallLogicTest.ComputeNextPositionDiagonal (0 ms)
[ RUN      ] BallLogicTest.CheckTopCollision
[       OK ] BallLogicTest.CheckTopCollision (0 ms)
[ RUN      ] BallLogicTest.CheckBottomCollision
[       OK ] BallLogicTest.CheckBottomCollision (0 ms)
[ RUN      ] BallLogicTest.CheckRightScore
[       OK ] BallLogicTest.CheckRightScore (0 ms)
[ RUN      ] BallLogicTest.CheckLeftScore
[       OK ] BallLogicTest.CheckLeftScore (0 ms)
[ RUN      ] BallLogicTest.CalculateVerticesCount
[       OK ] BallLogicTest.CalculateVerticesCount (0 ms)
[----------] 7 tests from BallLogicTest (0 ms total)

[----------] 4 tests from PaddleLogic_StaticTests
[ RUN      ] PaddleLogic_StaticTests.CanMoveUp_WithinBounds
[       OK ] PaddleLogic_StaticTests.CanMoveUp_WithinBounds (0 ms)
[ RUN      ] PaddleLogic_StaticTests.CanMoveUp_OutOfBounds
[       OK ] PaddleLogic_StaticTests.CanMoveUp_OutOfBounds (0 ms)
[ RUN      ] PaddleLogic_StaticTests.MoveUpIfPossible_Moves
[       OK ] PaddleLogic_StaticTests.MoveUpIfPossible_Moves (0 ms)
[ RUN      ] PaddleLogic_StaticTests.MoveUpIfPossible_DoesNotMove
[       OK ] PaddleLogic_StaticTests.MoveUpIfPossible_DoesNotMove (0 ms)
[----------] 4 tests from PaddleLogic_StaticTests (0 ms total)

[----------] 4 tests from PaddleLogic_InstanceTests
[ RUN      ] PaddleLogic_InstanceTests.TryMoveUp_Succeeds
[       OK ] PaddleLogic_InstanceTests.TryMoveUp_Succeeds (0 ms)
[ RUN      ] PaddleLogic_InstanceTests.TryMoveUp_Fails
[       OK ] PaddleLogic_InstanceTests.TryMoveUp_Fails (0 ms)
[ RUN      ] PaddleLogic_InstanceTests.TryMoveDown_Succeeds
[       OK ] PaddleLogic_InstanceTests.TryMoveDown_Succeeds (0 ms)
[ RUN      ] PaddleLogic_InstanceTests.TryMoveDown_Fails
[       OK ] PaddleLogic_InstanceTests.TryMoveDown_Fails (0 ms)
[----------] 4 tests from PaddleLogic_InstanceTests (0 ms total)

[----------] Global test environment tear-down
[==========] 16 tests from 4 test suites ran. (1 ms total)
[  PASSED  ] 14 tests.
[  FAILED  ] 2 tests, listed below:
[  FAILED  ] BallLogicTest.ComputeNextPositionBasic
[  FAILED  ] BallLogicTest.ComputeNextPositionDiagonal

 2 FAILED TESTS
<end of output>
Test time =   0.03 sec
----------------------------------------------------------
Test Failed.
"PongTests" end time: Apr 30 19:37 Central Daylight Time
"PongTests" time elapsed: 00:00:00
----------------------------------------------------------

End testing: Apr 30 19:37 Central Daylight Time
